INFO:root:Initializing planted_acres DataCollector for Alabama...
INFO:root:Running planted_acres data collection for Alabama...
INFO:root:Fetching planted_acres data for Alabama from https://www.nass.usda.gov/Quick_Stats/Ag_Overview/stateOverview.php?state=ALABAMA...
INFO:root:Parsing HTML for planted_acres...
INFO:root:Writing planted_acres data to \AGTECHgtech_data_collector\data\alabama_planted_acres.csv...
INFO:root:Initializing planted_acres DataCollector for Alabama...
INFO:root:Running planted_acres data collection for Alabama...
INFO:root:Fetching planted_acres data for Alabama from https://www.nass.usda.gov/Quick_Stats/Ag_Overview/stateOverview.php?state=ALABAMA...
INFO:root:Parsing HTML for planted_acres...
INFO:root:Writing planted_acres data to D:/Stealth (B2B AI)/AGTECH/agtech_data_collector/data\alabama_planted_acres.csv...
INFO:root:CSV file 'D:/Stealth (B2B AI)/AGTECH/agtech_data_collector/data\alabama_planted_acres.csv' has been created successfully.
INFO:root:File path: D:\Stealth (B2B AI)\AGTECH\agtech_data_collector\data\alabama_planted_acres.csv
INFO:root:Initializing planted_acres DataCollector for Alaska...
INFO:root:Running planted_acres data collection for Alaska...
INFO:root:Fetching planted_acres data for Alaska from https://www.nass.usda.gov/Quick_Stats/Ag_Overview/stateOverview.php?state=ALASKA...
INFO:root:Parsing HTML for planted_acres...
INFO:root:Writing planted_acres data to D:/Stealth (B2B AI)/AGTECH/agtech_data_collector/data\alaska_planted_acres.csv...
INFO:root:CSV file 'D:/Stealth (B2B AI)/AGTECH/agtech_data_collector/data\alaska_planted_acres.csv' has been created successfully.
INFO:root:File path: D:\Stealth (B2B AI)\AGTECH\agtech_data_collector\data\alaska_planted_acres.csv
INFO:root:Initializing planted_acres DataCollector for Arizona...
INFO:root:Running planted_acres data collection for Arizona...
INFO:root:Fetching planted_acres data for Arizona from https://www.nass.usda.gov/Quick_Stats/Ag_Overview/stateOverview.php?state=ARIZONA...
INFO:root:Parsing HTML for planted_acres...
INFO:root:Writing planted_acres data to D:/Stealth (B2B AI)/AGTECH/agtech_data_collector/data\arizona_planted_acres.csv...
INFO:root:CSV file 'D:/Stealth (B2B AI)/AGTECH/agtech_data_collector/data\arizona_planted_acres.csv' has been created successfully.
INFO:root:File path: D:\Stealth (B2B AI)\AGTECH\agtech_data_collector\data\arizona_planted_acres.csv
INFO:root:Initializing planted_acres DataCollector for Arkansas...
INFO:root:Running planted_acres data collection for Arkansas...
INFO:root:Fetching planted_acres data for Arkansas from https://www.nass.usda.gov/Quick_Stats/Ag_Overview/stateOverview.php?state=ARKANSAS...
INFO:root:Parsing HTML for planted_acres...
INFO:root:Writing planted_acres data to D:/Stealth (B2B AI)/AGTECH/agtech_data_collector/data\arkansas_planted_acres.csv...
INFO:root:CSV file 'D:/Stealth (B2B AI)/AGTECH/agtech_data_collector/data\arkansas_planted_acres.csv' has been created successfully.
INFO:root:File path: D:\Stealth (B2B AI)\AGTECH\agtech_data_collector\data\arkansas_planted_acres.csv
INFO:root:Initializing planted_acres DataCollector for California...
INFO:root:Running planted_acres data collection for California...
INFO:root:Fetching planted_acres data for California from https://www.nass.usda.gov/Quick_Stats/Ag_Overview/stateOverview.php?state=CALIFORNIA...
INFO:root:Initializing planted_acres DataCollector for Alabama...
INFO:root:Running planted_acres data collection for Alabama...
INFO:root:Fetching planted_acres data for Alabama from https://www.nass.usda.gov/Quick_Stats/Ag_Overview/stateOverview.php?state=ALABAMA...
INFO:root:Parsing HTML for planted_acres...
INFO:root:Writing planted_acres data to D:/Stealth (B2B AI)/AGTECH/agtech_data_collector/data\alabama_planted_acres.csv...
INFO:root:CSV file 'D:/Stealth (B2B AI)/AGTECH/agtech_data_collector/data\alabama_planted_acres.csv' has been created successfully.
INFO:root:File path: D:\Stealth (B2B AI)\AGTECH\agtech_data_collector\data\alabama_planted_acres.csv
INFO:root:Initializing planted_acres DataCollector for Alaska...
INFO:root:Running planted_acres data collection for Alaska...
INFO:root:Fetching planted_acres data for Alaska from https://www.nass.usda.gov/Quick_Stats/Ag_Overview/stateOverview.php?state=ALASKA...
INFO:root:Parsing HTML for planted_acres...
INFO:root:Writing planted_acres data to D:/Stealth (B2B AI)/AGTECH/agtech_data_collector/data\alaska_planted_acres.csv...
INFO:root:CSV file 'D:/Stealth (B2B AI)/AGTECH/agtech_data_collector/data\alaska_planted_acres.csv' has been created successfully.
INFO:root:File path: D:\Stealth (B2B AI)\AGTECH\agtech_data_collector\data\alaska_planted_acres.csv
INFO:root:Initializing planted_acres DataCollector for Arizona...
INFO:root:Running planted_acres data collection for Arizona...
INFO:root:Fetching planted_acres data for Arizona from https://www.nass.usda.gov/Quick_Stats/Ag_Overview/stateOverview.php?state=ARIZONA...
INFO:root:Parsing HTML for planted_acres...
INFO:root:Writing planted_acres data to D:/Stealth (B2B AI)/AGTECH/agtech_data_collector/data\arizona_planted_acres.csv...
INFO:root:CSV file 'D:/Stealth (B2B AI)/AGTECH/agtech_data_collector/data\arizona_planted_acres.csv' has been created successfully.
INFO:root:File path: D:\Stealth (B2B AI)\AGTECH\agtech_data_collector\data\arizona_planted_acres.csv
INFO:root:Initializing planted_acres DataCollector for Arkansas...
INFO:root:Running planted_acres data collection for Arkansas...
INFO:root:Fetching planted_acres data for Arkansas from https://www.nass.usda.gov/Quick_Stats/Ag_Overview/stateOverview.php?state=ARKANSAS...
INFO:root:Parsing HTML for planted_acres...
INFO:root:Writing planted_acres data to D:/Stealth (B2B AI)/AGTECH/agtech_data_collector/data\arkansas_planted_acres.csv...
INFO:root:CSV file 'D:/Stealth (B2B AI)/AGTECH/agtech_data_collector/data\arkansas_planted_acres.csv' has been created successfully.
INFO:root:File path: D:\Stealth (B2B AI)\AGTECH\agtech_data_collector\data\arkansas_planted_acres.csv
INFO:root:Initializing planted_acres DataCollector for California...
INFO:root:Running planted_acres data collection for California...
INFO:root:Fetching planted_acres data for California from https://www.nass.usda.gov/Quick_Stats/Ag_Overview/stateOverview.php?state=CALIFORNIA...
INFO:root:Parsing HTML for planted_acres...
INFO:root:Writing planted_acres data to D:/Stealth (B2B AI)/AGTECH/agtech_data_collector/data\california_planted_acres.csv...
INFO:root:CSV file 'D:/Stealth (B2B AI)/AGTECH/agtech_data_collector/data\california_planted_acres.csv' has been created successfully.
INFO:root:File path: D:\Stealth (B2B AI)\AGTECH\agtech_data_collector\data\california_planted_acres.csv
INFO:root:Initializing planted_acres DataCollector for Colorado...
INFO:root:Running planted_acres data collection for Colorado...
INFO:root:Fetching planted_acres data for Colorado from https://www.nass.usda.gov/Quick_Stats/Ag_Overview/stateOverview.php?state=COLORADO...
INFO:root:Parsing HTML for planted_acres...
INFO:root:Writing planted_acres data to D:/Stealth (B2B AI)/AGTECH/agtech_data_collector/data\colorado_planted_acres.csv...
INFO:root:CSV file 'D:/Stealth (B2B AI)/AGTECH/agtech_data_collector/data\colorado_planted_acres.csv' has been created successfully.
INFO:root:File path: D:\Stealth (B2B AI)\AGTECH\agtech_data_collector\data\colorado_planted_acres.csv
INFO:root:Initializing planted_acres DataCollector for Connecticut...
INFO:root:Running planted_acres data collection for Connecticut...
INFO:root:Fetching planted_acres data for Connecticut from https://www.nass.usda.gov/Quick_Stats/Ag_Overview/stateOverview.php?state=CONNECTICUT...
INFO:root:Parsing HTML for planted_acres...
INFO:root:Writing planted_acres data to D:/Stealth (B2B AI)/AGTECH/agtech_data_collector/data\connecticut_planted_acres.csv...
INFO:root:CSV file 'D:/Stealth (B2B AI)/AGTECH/agtech_data_collector/data\connecticut_planted_acres.csv' has been created successfully.
INFO:root:File path: D:\Stealth (B2B AI)\AGTECH\agtech_data_collector\data\connecticut_planted_acres.csv
INFO:root:Initializing planted_acres DataCollector for Delaware...
INFO:root:Running planted_acres data collection for Delaware...
INFO:root:Fetching planted_acres data for Delaware from https://www.nass.usda.gov/Quick_Stats/Ag_Overview/stateOverview.php?state=DELAWARE...
INFO:root:Parsing HTML for planted_acres...
INFO:root:Writing planted_acres data to D:/Stealth (B2B AI)/AGTECH/agtech_data_collector/data\delaware_planted_acres.csv...
INFO:root:CSV file 'D:/Stealth (B2B AI)/AGTECH/agtech_data_collector/data\delaware_planted_acres.csv' has been created successfully.
INFO:root:File path: D:\Stealth (B2B AI)\AGTECH\agtech_data_collector\data\delaware_planted_acres.csv
INFO:root:Initializing planted_acres DataCollector for Florida...
INFO:root:Running planted_acres data collection for Florida...
INFO:root:Fetching planted_acres data for Florida from https://www.nass.usda.gov/Quick_Stats/Ag_Overview/stateOverview.php?state=FLORIDA...
INFO:root:Parsing HTML for planted_acres...
INFO:root:Writing planted_acres data to D:/Stealth (B2B AI)/AGTECH/agtech_data_collector/data\florida_planted_acres.csv...
INFO:root:CSV file 'D:/Stealth (B2B AI)/AGTECH/agtech_data_collector/data\florida_planted_acres.csv' has been created successfully.
INFO:root:File path: D:\Stealth (B2B AI)\AGTECH\agtech_data_collector\data\florida_planted_acres.csv
INFO:root:Initializing planted_acres DataCollector for Georgia...
INFO:root:Running planted_acres data collection for Georgia...
INFO:root:Fetching planted_acres data for Georgia from https://www.nass.usda.gov/Quick_Stats/Ag_Overview/stateOverview.php?state=GEORGIA...
INFO:root:Parsing HTML for planted_acres...
INFO:root:Writing planted_acres data to D:/Stealth (B2B AI)/AGTECH/agtech_data_collector/data\georgia_planted_acres.csv...
INFO:root:CSV file 'D:/Stealth (B2B AI)/AGTECH/agtech_data_collector/data\georgia_planted_acres.csv' has been created successfully.
INFO:root:File path: D:\Stealth (B2B AI)\AGTECH\agtech_data_collector\data\georgia_planted_acres.csv
INFO:root:Initializing planted_acres DataCollector for Hawaii...
INFO:root:Running planted_acres data collection for Hawaii...
INFO:root:Fetching planted_acres data for Hawaii from https://www.nass.usda.gov/Quick_Stats/Ag_Overview/stateOverview.php?state=HAWAII...
INFO:root:Parsing HTML for planted_acres...
INFO:root:Writing planted_acres data to D:/Stealth (B2B AI)/AGTECH/agtech_data_collector/data\hawaii_planted_acres.csv...
INFO:root:CSV file 'D:/Stealth (B2B AI)/AGTECH/agtech_data_collector/data\hawaii_planted_acres.csv' has been created successfully.
INFO:root:File path: D:\Stealth (B2B AI)\AGTECH\agtech_data_collector\data\hawaii_planted_acres.csv
INFO:root:Initializing planted_acres DataCollector for Idaho...
INFO:root:Running planted_acres data collection for Idaho...
INFO:root:Fetching planted_acres data for Idaho from https://www.nass.usda.gov/Quick_Stats/Ag_Overview/stateOverview.php?state=IDAHO...
INFO:root:Parsing HTML for planted_acres...
INFO:root:Writing planted_acres data to D:/Stealth (B2B AI)/AGTECH/agtech_data_collector/data\idaho_planted_acres.csv...
INFO:root:CSV file 'D:/Stealth (B2B AI)/AGTECH/agtech_data_collector/data\idaho_planted_acres.csv' has been created successfully.
INFO:root:File path: D:\Stealth (B2B AI)\AGTECH\agtech_data_collector\data\idaho_planted_acres.csv
INFO:root:Initializing planted_acres DataCollector for Illinois...
INFO:root:Running planted_acres data collection for Illinois...
INFO:root:Fetching planted_acres data for Illinois from https://www.nass.usda.gov/Quick_Stats/Ag_Overview/stateOverview.php?state=ILLINOIS...
INFO:root:Parsing HTML for planted_acres...
INFO:root:Writing planted_acres data to D:/Stealth (B2B AI)/AGTECH/agtech_data_collector/data\illinois_planted_acres.csv...
INFO:root:CSV file 'D:/Stealth (B2B AI)/AGTECH/agtech_data_collector/data\illinois_planted_acres.csv' has been created successfully.
INFO:root:File path: D:\Stealth (B2B AI)\AGTECH\agtech_data_collector\data\illinois_planted_acres.csv
